# JRE version: OpenJDK Runtime Environment (11.0.8+10) (build 11.0.8+10-post-Ubuntu-0ubuntu118.04.1)
# Java VM: OpenJDK 64-Bit Server VM (11.0.8+10-post-Ubuntu-0ubuntu118.04.1, mixed mode, sharing, tiered, compressed oops, serial gc, linux-amd64)
Heap:
 def new generation   total 2432K, used 716K [0x00000000f8000000, 0x00000000f82a0000, 0x00000000faaa0000)
  eden space 2176K,  32% used [0x00000000f8000000, 0x00000000f80aed48, 0x00000000f8220000)
  from space 256K,   6% used [0x00000000f8220000, 0x00000000f8224600, 0x00000000f8260000)
  to   space 256K,   0% used [0x00000000f8260000, 0x00000000f8260000, 0x00000000f82a0000)
 tenured generation   total 5504K, used 2503K [0x00000000faaa0000, 0x00000000fb000000, 0x0000000100000000)
   the space 5504K,  45% used [0x00000000faaa0000, 0x00000000fad11d28, 0x00000000fad11e00, 0x00000000fb000000)
 Metaspace       used 10418K, capacity 10885K, committed 11136K, reserved 1058816K
  class space    used 1150K, capacity 1389K, committed 1408K, reserved 1048576K
GC Heap History (20 events):
Event: 1572.000 GC heap before
{Heap before GC invocations=14 (full 0):
 def new generation   total 2432K, used 2195K [0x00000000f8000000, 0x00000000f82a0000, 0x00000000faaa0000)
  eden space 2176K, 100% used [0x00000000f8000000, 0x00000000f8220000, 0x00000000f8220000)
  from space 256K,   7% used [0x00000000f8220000, 0x00000000f8224c30, 0x00000000f8260000)
  to   space 256K,   0% used [0x00000000f8260000, 0x00000000f8260000, 0x00000000f82a0000)
 tenured generation   total 5504K, used 2497K [0x00000000faaa0000, 0x00000000fb000000, 0x0000000100000000)
   the space 5504K,  45% used [0x00000000faaa0000, 0x00000000fad10450, 0x00000000fad10600, 0x00000000fb000000)
 Metaspace       used 10386K, capacity 10885K, committed 11136K, reserved 1058816K
  class space    used 1147K, capacity 1389K, committed 1408K, reserved 1048576K
}
Event: 1572.001 GC heap after
{Heap after GC invocations=15 (full 0):
 def new generation   total 2432K, used 18K [0x00000000f8000000, 0x00000000f82a0000, 0x00000000faaa0000)
  eden space 2176K,   0% used [0x00000000f8000000, 0x00000000f8000000, 0x00000000f8220000)
  from space 256K,   7% used [0x00000000f8260000, 0x00000000f8264800, 0x00000000f82a0000)
  to   space 256K,   0% used [0x00000000f8220000, 0x00000000f8220000, 0x00000000f8260000)
 tenured generation   total 5504K, used 2497K [0x00000000faaa0000, 0x00000000fb000000, 0x0000000100000000)
   the space 5504K,  45% used [0x00000000faaa0000, 0x00000000fad10450, 0x00000000fad10600, 0x00000000fb000000)
 Metaspace       used 10386K, capacity 10885K, committed 11136K, reserved 1058816K
  class space    used 1147K, capacity 1389K, committed 1408K, reserved 1048576K
}
Event: 1737.659 GC heap before
{Heap before GC invocations=15 (full 0):
 def new generation   total 2432K, used 2194K [0x00000000f8000000, 0x00000000f82a0000, 0x00000000faaa0000)
  eden space 2176K, 100% used [0x00000000f8000000, 0x00000000f8220000, 0x00000000f8220000)
  from space 256K,   7% used [0x00000000f8260000, 0x00000000f8264800, 0x00000000f82a0000)
  to   space 256K,   0% used [0x00000000f8220000, 0x00000000f8220000, 0x00000000f8260000)
 tenured generation   total 5504K, used 2497K [0x00000000faaa0000, 0x00000000fb000000, 0x0000000100000000)
   the space 5504K,  45% used [0x00000000faaa0000, 0x00000000fad10450, 0x00000000fad10600, 0x00000000fb000000)
 Metaspace       used 10386K, capacity 10885K, committed 11136K, reserved 1058816K
  class space    used 1147K, capacity 1389K, committed 1408K, reserved 1048576K
}
Event: 1737.660 GC heap after
{Heap after GC invocations=16 (full 0):
 def new generation   total 2432K, used 18K [0x00000000f8000000, 0x00000000f82a0000, 0x00000000faaa0000)
  eden space 2176K,   0% used [0x00000000f8000000, 0x00000000f8000000, 0x00000000f8220000)
  from space 256K,   7% used [0x00000000f8220000, 0x00000000f8224af0, 0x00000000f8260000)
  to   space 256K,   0% used [0x00000000f8260000, 0x00000000f8260000, 0x00000000f82a0000)
 tenured generation   total 5504K, used 2497K [0x00000000faaa0000, 0x00000000fb000000, 0x0000000100000000)
   the space 5504K,  45% used [0x00000000faaa0000, 0x00000000fad10450, 0x00000000fad10600, 0x00000000fb000000)
 Metaspace       used 10386K, capacity 10885K, committed 11136K, reserved 1058816K
  class space    used 1147K, capacity 1389K, committed 1408K, reserved 1048576K
}
Event: 1905.791 GC heap before
{Heap before GC invocations=16 (full 0):
 def new generation   total 2432K, used 2194K [0x00000000f8000000, 0x00000000f82a0000, 0x00000000faaa0000)
  eden space 2176K, 100% used [0x00000000f8000000, 0x00000000f8220000, 0x00000000f8220000)
  from space 256K,   7% used [0x00000000f8220000, 0x00000000f8224af0, 0x00000000f8260000)
  to   space 256K,   0% used [0x00000000f8260000, 0x00000000f8260000, 0x00000000f82a0000)
 tenured generation   total 5504K, used 2497K [0x00000000faaa0000, 0x00000000fb000000, 0x0000000100000000)
   the space 5504K,  45% used [0x00000000faaa0000, 0x00000000fad10450, 0x00000000fad10600, 0x00000000fb000000)
 Metaspace       used 10387K, capacity 10885K, committed 11136K, reserved 1058816K
  class space    used 1147K, capacity 1389K, committed 1408K, reserved 1048576K
}
Event: 1905.793 GC heap after
{Heap after GC invocations=17 (full 0):
 def new generation   total 2432K, used 18K [0x00000000f8000000, 0x00000000f82a0000, 0x00000000faaa0000)
  eden space 2176K,   0% used [0x00000000f8000000, 0x00000000f8000000, 0x00000000f8220000)
  from space 256K,   7% used [0x00000000f8260000, 0x00000000f8264aa0, 0x00000000f82a0000)
  to   space 256K,   0% used [0x00000000f8220000, 0x00000000f8220000, 0x00000000f8260000)
 tenured generation   total 5504K, used 2497K [0x00000000faaa0000, 0x00000000fb000000, 0x0000000100000000)
   the space 5504K,  45% used [0x00000000faaa0000, 0x00000000fad10450, 0x00000000fad10600, 0x00000000fb000000)
 Metaspace       used 10387K, capacity 10885K, committed 11136K, reserved 1058816K
  class space    used 1147K, capacity 1389K, committed 1408K, reserved 1048576K
}
Event: 2075.560 GC heap before
{Heap before GC invocations=17 (full 0):
 def new generation   total 2432K, used 2194K [0x00000000f8000000, 0x00000000f82a0000, 0x00000000faaa0000)
  eden space 2176K,  99% used [0x00000000f8000000, 0x00000000f821ffd0, 0x00000000f8220000)
  from space 256K,   7% used [0x00000000f8260000, 0x00000000f8264aa0, 0x00000000f82a0000)
  to   space 256K,   0% used [0x00000000f8220000, 0x00000000f8220000, 0x00000000f8260000)
 tenured generation   total 5504K, used 2497K [0x00000000faaa0000, 0x00000000fb000000, 0x0000000100000000)
   the space 5504K,  45% used [0x00000000faaa0000, 0x00000000fad10450, 0x00000000fad10600, 0x00000000fb000000)
 Metaspace       used 10387K, capacity 10885K, committed 11136K, reserved 1058816K
  class space    used 1147K, capacity 1389K, committed 1408K, reserved 1048576K
}
Event: 2075.572 GC heap after
{Heap after GC invocations=18 (full 0):
 def new generation   total 2432K, used 18K [0x00000000f8000000, 0x00000000f82a0000, 0x00000000faaa0000)
  eden space 2176K,   0% used [0x00000000f8000000, 0x00000000f8000000, 0x00000000f8220000)
  from space 256K,   7% used [0x00000000f8220000, 0x00000000f8224aa0, 0x00000000f8260000)
  to   space 256K,   0% used [0x00000000f8260000, 0x00000000f8260000, 0x00000000f82a0000)
 tenured generation   total 5504K, used 2497K [0x00000000faaa0000, 0x00000000fb000000, 0x0000000100000000)
   the space 5504K,  45% used [0x00000000faaa0000, 0x00000000fad10450, 0x00000000fad10600, 0x00000000fb000000)
 Metaspace       used 10387K, capacity 10885K, committed 11136K, reserved 1058816K
  class space    used 1147K, capacity 1389K, committed 1408K, reserved 1048576K
}
Event: 2246.232 GC heap before
{Heap before GC invocations=18 (full 0):
 def new generation   total 2432K, used 2194K [0x00000000f8000000, 0x00000000f82a0000, 0x00000000faaa0000)
  eden space 2176K,  99% used [0x00000000f8000000, 0x00000000f821fff0, 0x00000000f8220000)
  from space 256K,   7% used [0x00000000f8220000, 0x00000000f8224aa0, 0x00000000f8260000)
  to   space 256K,   0% used [0x00000000f8260000, 0x00000000f8260000, 0x00000000f82a0000)
 tenured generation   total 5504K, used 2497K [0x00000000faaa0000, 0x00000000fb000000, 0x0000000100000000)
   the space 5504K,  45% used [0x00000000faaa0000, 0x00000000fad10450, 0x00000000fad10600, 0x00000000fb000000)
 Metaspace       used 10387K, capacity 10885K, committed 11136K, reserved 1058816K
  class space    used 1147K, capacity 1389K, committed 1408K, reserved 1048576K
}
Event: 2246.233 GC heap after
{Heap after GC invocations=19 (full 0):
 def new generation   total 2432K, used 20K [0x00000000f8000000, 0x00000000f82a0000, 0x00000000faaa0000)
  eden space 2176K,   0% used [0x00000000f8000000, 0x00000000f8000000, 0x00000000f8220000)
  from space 256K,   7% used [0x00000000f8260000, 0x00000000f8265028, 0x00000000f82a0000)
  to   space 256K,   0% used [0x00000000f8220000, 0x00000000f8220000, 0x00000000f8260000)
 tenured generation   total 5504K, used 2497K [0x00000000faaa0000, 0x00000000fb000000, 0x0000000100000000)
   the space 5504K,  45% used [0x00000000faaa0000, 0x00000000fad10450, 0x00000000fad10600, 0x00000000fb000000)
 Metaspace       used 10387K, capacity 10885K, committed 11136K, reserved 1058816K
  class space    used 1147K, capacity 1389K, committed 1408K, reserved 1048576K
}
Event: 2417.847 GC heap before
{Heap before GC invocations=19 (full 0):
 def new generation   total 2432K, used 2196K [0x00000000f8000000, 0x00000000f82a0000, 0x00000000faaa0000)
  eden space 2176K, 100% used [0x00000000f8000000, 0x00000000f8220000, 0x00000000f8220000)
  from space 256K,   7% used [0x00000000f8260000, 0x00000000f8265028, 0x00000000f82a0000)
  to   space 256K,   0% used [0x00000000f8220000, 0x00000000f8220000, 0x00000000f8260000)
 tenured generation   total 5504K, used 2497K [0x00000000faaa0000, 0x00000000fb000000, 0x0000000100000000)
   the space 5504K,  45% used [0x00000000faaa0000, 0x00000000fad10450, 0x00000000fad10600, 0x00000000fb000000)
 Metaspace       used 10387K, capacity 10885K, committed 11136K, reserved 1058816K
  class space    used 1147K, capacity 1389K, committed 1408K, reserved 1048576K
}
Event: 2417.848 GC heap after
{Heap after GC invocations=20 (full 0):
 def new generation   total 2432K, used 19K [0x00000000f8000000, 0x00000000f82a0000, 0x00000000faaa0000)
  eden space 2176K,   0% used [0x00000000f8000000, 0x00000000f8000000, 0x00000000f8220000)
  from space 256K,   7% used [0x00000000f8220000, 0x00000000f8224e60, 0x00000000f8260000)
  to   space 256K,   0% used [0x00000000f8260000, 0x00000000f8260000, 0x00000000f82a0000)
 tenured generation   total 5504K, used 2497K [0x00000000faaa0000, 0x00000000fb000000, 0x0000000100000000)
   the space 5504K,  45% used [0x00000000faaa0000, 0x00000000fad10450, 0x00000000fad10600, 0x00000000fb000000)
 Metaspace       used 10387K, capacity 10885K, committed 11136K, reserved 1058816K
  class space    used 1147K, capacity 1389K, committed 1408K, reserved 1048576K
}
Event: 2589.485 GC heap before
{Heap before GC invocations=20 (full 0):
 def new generation   total 2432K, used 2195K [0x00000000f8000000, 0x00000000f82a0000, 0x00000000faaa0000)
  eden space 2176K, 100% used [0x00000000f8000000, 0x00000000f8220000, 0x00000000f8220000)
  from space 256K,   7% used [0x00000000f8220000, 0x00000000f8224e60, 0x00000000f8260000)
  to   space 256K,   0% used [0x00000000f8260000, 0x00000000f8260000, 0x00000000f82a0000)
 tenured generation   total 5504K, used 2497K [0x00000000faaa0000, 0x00000000fb000000, 0x0000000100000000)
   the space 5504K,  45% used [0x00000000faaa0000, 0x00000000fad10450, 0x00000000fad10600, 0x00000000fb000000)
 Metaspace       used 10388K, capacity 10885K, committed 11136K, reserved 1058816K
  class space    used 1147K, capacity 1389K, committed 1408K, reserved 1048576K
}
Event: 2589.485 GC heap after
{Heap after GC invocations=21 (full 0):
 def new generation   total 2432K, used 21K [0x00000000f8000000, 0x00000000f82a0000, 0x00000000faaa0000)
  eden space 2176K,   0% used [0x00000000f8000000, 0x00000000f8000000, 0x00000000f8220000)
  from space 256K,   8% used [0x00000000f8260000, 0x00000000f8265460, 0x00000000f82a0000)
  to   space 256K,   0% used [0x00000000f8220000, 0x00000000f8220000, 0x00000000f8260000)
 tenured generation   total 5504K, used 2497K [0x00000000faaa0000, 0x00000000fb000000, 0x0000000100000000)
   the space 5504K,  45% used [0x00000000faaa0000, 0x00000000fad10450, 0x00000000fad10600, 0x00000000fb000000)
 Metaspace       used 10388K, capacity 10885K, committed 11136K, reserved 1058816K
  class space    used 1147K, capacity 1389K, committed 1408K, reserved 1048576K
}
Event: 2761.607 GC heap before
{Heap before GC invocations=21 (full 0):
 def new generation   total 2432K, used 2197K [0x00000000f8000000, 0x00000000f82a0000, 0x00000000faaa0000)
  eden space 2176K, 100% used [0x00000000f8000000, 0x00000000f8220000, 0x00000000f8220000)
  from space 256K,   8% used [0x00000000f8260000, 0x00000000f8265460, 0x00000000f82a0000)
  to   space 256K,   0% used [0x00000000f8220000, 0x00000000f8220000, 0x00000000f8260000)
 tenured generation   total 5504K, used 2497K [0x00000000faaa0000, 0x00000000fb000000, 0x0000000100000000)
   the space 5504K,  45% used [0x00000000faaa0000, 0x00000000fad10450, 0x00000000fad10600, 0x00000000fb000000)
 Metaspace       used 10389K, capacity 10885K, committed 11136K, reserved 1058816K
  class space    used 1147K, capacity 1389K, committed 1408K, reserved 1048576K
}
Event: 2761.608 GC heap after
{Heap after GC invocations=22 (full 0):
 def new generation   total 2432K, used 17K [0x00000000f8000000, 0x00000000f82a0000, 0x00000000faaa0000)
  eden space 2176K,   0% used [0x00000000f8000000, 0x00000000f8000000, 0x00000000f8220000)
  from space 256K,   6% used [0x00000000f8220000, 0x00000000f8224710, 0x00000000f8260000)
  to   space 256K,   0% used [0x00000000f8260000, 0x00000000f8260000, 0x00000000f82a0000)
 tenured generation   total 5504K, used 2501K [0x00000000faaa0000, 0x00000000fb000000, 0x0000000100000000)
   the space 5504K,  45% used [0x00000000faaa0000, 0x00000000fad11450, 0x00000000fad11600, 0x00000000fb000000)
 Metaspace       used 10389K, capacity 10885K, committed 11136K, reserved 1058816K
  class space    used 1147K, capacity 1389K, committed 1408K, reserved 1048576K
}
Event: 2927.709 GC heap before
{Heap before GC invocations=22 (full 0):
 def new generation   total 2432K, used 2193K [0x00000000f8000000, 0x00000000f82a0000, 0x00000000faaa0000)
  eden space 2176K, 100% used [0x00000000f8000000, 0x00000000f8220000, 0x00000000f8220000)
  from space 256K,   6% used [0x00000000f8220000, 0x00000000f8224710, 0x00000000f8260000)
  to   space 256K,   0% used [0x00000000f8260000, 0x00000000f8260000, 0x00000000f82a0000)
 tenured generation   total 5504K, used 2501K [0x00000000faaa0000, 0x00000000fb000000, 0x0000000100000000)
   the space 5504K,  45% used [0x00000000faaa0000, 0x00000000fad11450, 0x00000000fad11600, 0x00000000fb000000)
 Metaspace       used 10415K, capacity 10885K, committed 11136K, reserved 1058816K
  class space    used 1149K, capacity 1389K, committed 1408K, reserved 1048576K
}
Event: 2927.710 GC heap after
{Heap after GC invocations=23 (full 0):
 def new generation   total 2432K, used 18K [0x00000000f8000000, 0x00000000f82a0000, 0x00000000faaa0000)
  eden space 2176K,   0% used [0x00000000f8000000, 0x00000000f8000000, 0x00000000f8220000)
  from space 256K,   7% used [0x00000000f8260000, 0x00000000f82648e0, 0x00000000f82a0000)
  to   space 256K,   0% used [0x00000000f8220000, 0x00000000f8220000, 0x00000000f8260000)
 tenured generation   total 5504K, used 2502K [0x00000000faaa0000, 0x00000000fb000000, 0x0000000100000000)
   the space 5504K,  45% used [0x00000000faaa0000, 0x00000000fad11b88, 0x00000000fad11c00, 0x00000000fb000000)
 Metaspace       used 10415K, capacity 10885K, committed 11136K, reserved 1058816K
  class space    used 1149K, capacity 1389K, committed 1408K, reserved 1048576K
}
Event: 3102.828 GC heap before
{Heap before GC invocations=23 (full 0):
 def new generation   total 2432K, used 2194K [0x00000000f8000000, 0x00000000f82a0000, 0x00000000faaa0000)
  eden space 2176K, 100% used [0x00000000f8000000, 0x00000000f8220000, 0x00000000f8220000)
  from space 256K,   7% used [0x00000000f8260000, 0x00000000f82648e0, 0x00000000f82a0000)
  to   space 256K,   0% used [0x00000000f8220000, 0x00000000f8220000, 0x00000000f8260000)
 tenured generation   total 5504K, used 2502K [0x00000000faaa0000, 0x00000000fb000000, 0x0000000100000000)
   the space 5504K,  45% used [0x00000000faaa0000, 0x00000000fad11b88, 0x00000000fad11c00, 0x00000000fb000000)
 Metaspace       used 10415K, capacity 10885K, committed 11136K, reserved 1058816K
  class space    used 1149K, capacity 1389K, committed 1408K, reserved 1048576K
}
Event: 3102.829 GC heap after
{Heap after GC invocations=24 (full 0):
 def new generation   total 2432K, used 17K [0x00000000f8000000, 0x00000000f82a0000, 0x00000000faaa0000)
  eden space 2176K,   0% used [0x00000000f8000000, 0x00000000f8000000, 0x00000000f8220000)
  from space 256K,   6% used [0x00000000f8220000, 0x00000000f8224600, 0x00000000f8260000)
  to   space 256K,   0% used [0x00000000f8260000, 0x00000000f8260000, 0x00000000f82a0000)
 tenured generation   total 5504K, used 2503K [0x00000000faaa0000, 0x00000000fb000000, 0x0000000100000000)
   the space 5504K,  45% used [0x00000000faaa0000, 0x00000000fad11d28, 0x00000000fad11e00, 0x00000000fb000000)
 Metaspace       used 10415K, capacity 10885K, committed 11136K, reserved 1058816K
  class space    used 1149K, capacity 1389K, committed 1408K, reserved 1048576K
}

